# JRE version: Java(TM) SE Runtime Environment (22.0.1+8) (build 22.0.1+8-16)
# Java VM: Java HotSpot(TM) 64-Bit Server VM (22.0.1+8-16, mixed mode, sharing, tiered, compressed oops, compressed class ptrs, g1 gc, windows-amd64)
GC Precious Log:
 CardTable entry size: 512
 Card Set container configuration: InlinePtr #cards 4 size 8 Array Of Cards #cards 16 size 48 Howl #buckets 8 coarsen threshold 3686 Howl Bitmap #cards 512 size 80 coarsen threshold 460 Card regions per heap region 1 cards per card region 4096
 CPUs: 8 total, 8 available
 Memory: 16075M
 Large Page Support: Disabled
 NUMA Support: Disabled
 Compressed Oops: Enabled (Zero based)
 Heap Region Size: 2M
 Heap Min Capacity: 8M
 Heap Initial Capacity: 252M
 Heap Max Capacity: 4020M
 Pre-touch: Disabled
 Parallel Workers: 8
 Concurrent Workers: 2
 Concurrent Refinement Workers: 8
 Periodic GC: Disabled
Heap:
 garbage-first heap   total reserved 4116480K, committed 798720K, used 73621K [0x0000000704c00000, 0x0000000800000000)
  region size 2048K, 1 young (2048K), 1 survivors (2048K)
 Metaspace       used 84461K, committed 85440K, reserved 1179648K
  class space    used 10344K, committed 10944K, reserved 1048576K
GC Heap History (20 events):
Event: 261331.928 GC heap after
{Heap after GC invocations=411657 (full 0):
 garbage-first heap   total reserved 4116480K, committed 221184K, used 73592K [0x0000000704c00000, 0x0000000800000000)
  region size 2048K, 1 young (2048K), 1 survivors (2048K)
 Metaspace       used 84461K, committed 85440K, reserved 1179648K
  class space    used 10344K, committed 10944K, reserved 1048576K
}
Event: 261332.379 GC heap before
{Heap before GC invocations=411657 (full 0):
 garbage-first heap   total reserved 4116480K, committed 221184K, used 202616K [0x0000000704c00000, 0x0000000800000000)
  region size 2048K, 64 young (131072K), 1 survivors (2048K)
 Metaspace       used 84461K, committed 85440K, reserved 1179648K
  class space    used 10344K, committed 10944K, reserved 1048576K
}
Event: 261332.381 GC heap after
{Heap after GC invocations=411658 (full 0):
 garbage-first heap   total reserved 4116480K, committed 221184K, used 73611K [0x0000000704c00000, 0x0000000800000000)
  region size 2048K, 1 young (2048K), 1 survivors (2048K)
 Metaspace       used 84461K, committed 85440K, reserved 1179648K
  class space    used 10344K, committed 10944K, reserved 1048576K
}
Event: 261332.977 GC heap before
{Heap before GC invocations=411658 (full 0):
 garbage-first heap   total reserved 4116480K, committed 221184K, used 202635K [0x0000000704c00000, 0x0000000800000000)
  region size 2048K, 64 young (131072K), 1 survivors (2048K)
 Metaspace       used 84461K, committed 85440K, reserved 1179648K
  class space    used 10344K, committed 10944K, reserved 1048576K
}
Event: 261333.817 GC heap after
{Heap after GC invocations=411659 (full 0):
 garbage-first heap   total reserved 4116480K, committed 266240K, used 73596K [0x0000000704c00000, 0x0000000800000000)
  region size 2048K, 1 young (2048K), 1 survivors (2048K)
 Metaspace       used 84461K, committed 85440K, reserved 1179648K
  class space    used 10344K, committed 10944K, reserved 1048576K
}
Event: 261333.842 GC heap before
{Heap before GC invocations=411659 (full 0):
 garbage-first heap   total reserved 4116480K, committed 266240K, used 83836K [0x0000000704c00000, 0x0000000800000000)
  region size 2048K, 6 young (12288K), 1 survivors (2048K)
 Metaspace       used 84461K, committed 85440K, reserved 1179648K
  class space    used 10344K, committed 10944K, reserved 1048576K
}
Event: 261333.983 GC heap after
{Heap after GC invocations=411660 (full 0):
 garbage-first heap   total reserved 4116480K, committed 266240K, used 73594K [0x0000000704c00000, 0x0000000800000000)
  region size 2048K, 1 young (2048K), 1 survivors (2048K)
 Metaspace       used 84461K, committed 85440K, reserved 1179648K
  class space    used 10344K, committed 10944K, reserved 1048576K
}
Event: 261334.079 GC heap before
{Heap before GC invocations=411660 (full 0):
 garbage-first heap   total reserved 4116480K, committed 266240K, used 83834K [0x0000000704c00000, 0x0000000800000000)
  region size 2048K, 6 young (12288K), 1 survivors (2048K)
 Metaspace       used 84461K, committed 85440K, reserved 1179648K
  class space    used 10344K, committed 10944K, reserved 1048576K
}
Event: 261334.282 GC heap after
{Heap after GC invocations=411661 (full 0):
 garbage-first heap   total reserved 4116480K, committed 266240K, used 73607K [0x0000000704c00000, 0x0000000800000000)
  region size 2048K, 1 young (2048K), 1 survivors (2048K)
 Metaspace       used 84461K, committed 85440K, reserved 1179648K
  class space    used 10344K, committed 10944K, reserved 1048576K
}
Event: 261334.350 GC heap before
{Heap before GC invocations=411661 (full 0):
 garbage-first heap   total reserved 4116480K, committed 266240K, used 83847K [0x0000000704c00000, 0x0000000800000000)
  region size 2048K, 6 young (12288K), 1 survivors (2048K)
 Metaspace       used 84461K, committed 85440K, reserved 1179648K
  class space    used 10344K, committed 10944K, reserved 1048576K
}
Event: 261334.656 GC heap after
{Heap after GC invocations=411662 (full 0):
 garbage-first heap   total reserved 4116480K, committed 266240K, used 73610K [0x0000000704c00000, 0x0000000800000000)
  region size 2048K, 1 young (2048K), 1 survivors (2048K)
 Metaspace       used 84461K, committed 85440K, reserved 1179648K
  class space    used 10344K, committed 10944K, reserved 1048576K
}
Event: 261334.762 GC heap before
{Heap before GC invocations=411662 (full 0):
 garbage-first heap   total reserved 4116480K, committed 266240K, used 83850K [0x0000000704c00000, 0x0000000800000000)
  region size 2048K, 6 young (12288K), 1 survivors (2048K)
 Metaspace       used 84461K, committed 85440K, reserved 1179648K
  class space    used 10344K, committed 10944K, reserved 1048576K
}
Event: 261338.915 GC heap after
{Heap after GC invocations=411663 (full 0):
 garbage-first heap   total reserved 4116480K, committed 798720K, used 73613K [0x0000000704c00000, 0x0000000800000000)
  region size 2048K, 1 young (2048K), 1 survivors (2048K)
 Metaspace       used 84461K, committed 85440K, reserved 1179648K
  class space    used 10344K, committed 10944K, reserved 1048576K
}
Event: 261339.016 GC heap before
{Heap before GC invocations=411663 (full 0):
 garbage-first heap   total reserved 4116480K, committed 798720K, used 110477K [0x0000000704c00000, 0x0000000800000000)
  region size 2048K, 19 young (38912K), 1 survivors (2048K)
 Metaspace       used 84461K, committed 85440K, reserved 1179648K
  class space    used 10344K, committed 10944K, reserved 1048576K
}
Event: 261339.320 GC heap after
{Heap after GC invocations=411664 (full 0):
 garbage-first heap   total reserved 4116480K, committed 798720K, used 73612K [0x0000000704c00000, 0x0000000800000000)
  region size 2048K, 1 young (2048K), 1 survivors (2048K)
 Metaspace       used 84461K, committed 85440K, reserved 1179648K
  class space    used 10344K, committed 10944K, reserved 1048576K
}
Event: 261339.429 GC heap before
{Heap before GC invocations=411664 (full 0):
 garbage-first heap   total reserved 4116480K, committed 798720K, used 110476K [0x0000000704c00000, 0x0000000800000000)
  region size 2048K, 19 young (38912K), 1 survivors (2048K)
 Metaspace       used 84461K, committed 85440K, reserved 1179648K
  class space    used 10344K, committed 10944K, reserved 1048576K
}
Event: 261339.540 GC heap after
{Heap after GC invocations=411665 (full 0):
 garbage-first heap   total reserved 4116480K, committed 798720K, used 73616K [0x0000000704c00000, 0x0000000800000000)
  region size 2048K, 1 young (2048K), 1 survivors (2048K)
 Metaspace       used 84461K, committed 85440K, reserved 1179648K
  class space    used 10344K, committed 10944K, reserved 1048576K
}
Event: 261339.684 GC heap before
{Heap before GC invocations=411665 (full 0):
 garbage-first heap   total reserved 4116480K, committed 798720K, used 110480K [0x0000000704c00000, 0x0000000800000000)
  region size 2048K, 19 young (38912K), 1 survivors (2048K)
 Metaspace       used 84461K, committed 85440K, reserved 1179648K
  class space    used 10344K, committed 10944K, reserved 1048576K
}
Event: 261340.192 GC heap after
{Heap after GC invocations=411666 (full 0):
 garbage-first heap   total reserved 4116480K, committed 798720K, used 73627K [0x0000000704c00000, 0x0000000800000000)
  region size 2048K, 1 young (2048K), 1 survivors (2048K)
 Metaspace       used 84461K, committed 85440K, reserved 1179648K
  class space    used 10344K, committed 10944K, reserved 1048576K
}
Event: 261340.375 GC heap before
{Heap before GC invocations=411666 (full 0):
 garbage-first heap   total reserved 4116480K, committed 798720K, used 110491K [0x0000000704c00000, 0x0000000800000000)
  region size 2048K, 19 young (38912K), 1 survivors (2048K)
 Metaspace       used 84461K, committed 85440K, reserved 1179648K
  class space    used 10344K, committed 10944K, reserved 1048576K
}

